#
# A fatal error has been detected by the Java Runtime Environment:
#
#  EXCEPTION_ACCESS_VIOLATION (0xc0000005) at pc=0x00007ffd1574d65a, pid=29552, tid=28748
#
# JRE version: OpenJDK Runtime Environment (17.0.2+8) (build 17.0.2+8-86)
# Java VM: OpenJDK 64-Bit Server VM (17.0.2+8-86, mixed mode, tiered, compressed oops, compressed class ptrs, g1 gc, windows-amd64)
# Problematic frame:
# V  [jvm.dll+0x73d65a]
#
# No core dump will be written. Minidumps are not enabled by default on client versions of Windows
#
# If you would like to submit a bug report, please visit:
#   https://bugreport.java.com/bugreport/crash.jsp
#

---------------  S U M M A R Y ------------

Command Line: -XX:+ShowCodeDetailsInExceptionMessages -agentlib:jdwp=transport=dt_socket,suspend=y,address=localhost:50848 -ea -javaagent:C:\Eclipse\eclipse-2023-03\configuration\org.eclipse.osgi\231\0\.cp\lib\javaagent-shaded.jar -Dfile.encoding=UTF-8 --module-path=C:\Eclipse\workspace-2023-03\groove\target\classes;C:\Users\Rensink\.m2\repository\au\com\bytecode\opencsv\2.4\opencsv-2.4.jar;C:\Users\Rensink\.m2\repository\jakarta\xml\bind\jakarta.xml.bind-api\3.0.1\jakarta.xml.bind-api-3.0.1.jar;C:\Users\Rensink\.m2\repository\com\sun\activation\jakarta.activation\2.0.1\jakarta.activation-2.0.1.jar;C:\Users\Rensink\.m2\repository\com\jgoodies\jgoodies-looks\2.5.3\jgoodies-looks-2.5.3.jar;C:\Users\Rensink\.m2\repository\jgraph\jgraph\5.13.0.0\jgraph-5.13.0.0.jar;C:\Users\Rensink\.m2\repository\args4j\args4j\2.0.26\args4j-2.0.26.jar;C:\Users\Rensink\.m2\repository\org\apache\groovy\groovy\4.0.0\groovy-4.0.0.jar;C:\Users\Rensink\.m2\repository\com\fifesoft\rsyntaxtextarea\1.5.2\rsyntaxtextarea-1.5.2.jar;C:\Users\Rensink\.m2\repository\org\antlr\antlr-complete\3.5.2\antlr-complete-3.5.2.jar;C:\Users\Rensink\.m2\repository\org\antlr\antlrworks\1.5.2\antlrworks-1.5.2.jar;C:\Users\Rensink\.m2\repository\org\eclipse\jdt\org.eclipse.jdt.annotation\2.2.700\org.eclipse.jdt.annotation-2.2.700.jar;C:\Users\Rensink\.m2\repository\org\eclipse\emf\org.eclipse.emf.ecore\2.7.0-v20110605-0747\org.eclipse.emf.ecore-2.7.0-v20110605-0747.jar;C:\Users\Rensink\.m2\repository\org\eclipse\emf\org.eclipse.emf.common\2.7.0-v20110605-0747\org.eclipse.emf.common-2.7.0-v20110605-0747.jar;C:\Users\Rensink\.m2\repository\org\eclipse\emf\org.eclipse.emf.ecore.xmi\2.7.0-v20110520-1406\org.eclipse.emf.ecore.xmi-2.7.0-v20110520-1406.jar;C:\Users\Rensink\.m2\repository\org\apache\xmlgraphics\batik-all\1.17\batik-all-1.17.jar;C:\Users\Rensink\.m2\repository\org\apache\xmlgraphics\xmlgraphics-commons\2.9\xmlgraphics-commons-2.9.jar;C:\Users\Rensink\.m2\repository\org\apache\xmlgraphics\fop-core\2.9\fop-core-2.9.jar;C:\Users\Rensink\.m2\repository\nl\utwente\groove\gnuprologjava\0.2.6\gnuprologjava-0.2.6.jar;C:\Users\Rensink\.m2\repository\nl\utwente\groove\ltl2buchi\2010.12\ltl2buchi-2010.12.jar;C:\Users\Rensink\.m2\repository\nl\utwente\groove\osxadap--patch-module=nl.utwente.groove=C:\Eclipse\workspace-2023-03\groove\target\test-classes --add-reads=nl.utwente.groove=ALL-UNNAMED -Djdk.module.main=nl.utwente.groove nl.utwente.groove/nl.utwente.groove.gui.Simulator

Host: Intel(R) Core(TM) i7-8700 CPU @ 3.20GHz, 12 cores, 15G,  Windows 11 , 64 bit Build 22621 (10.0.22621.2506)
Time: Wed Nov 29 10:28:18 2023 W. Europe Standard Time elapsed time: 126.803476 seconds (0d 0h 2m 6s)

---------------  T H R E A D  ---------------

Current thread (0x00000201a00201e0):  JavaThread "JDWP Transport Listener: dt_socket" daemon [_thread_in_vm, id=28748, stack(0x0000001878d00000,0x0000001878e00000)]

Stack: [0x0000001878d00000,0x0000001878e00000],  sp=0x0000001878dff480,  free space=1021k
Native frames: (J=compiled Java code, j=interpreted, Vv=VM code, C=native code)
V  [jvm.dll+0x73d65a]
V  [jvm.dll+0x504e0c]
V  [jvm.dll+0x4d0634]
C  [jdwp.dll+0x22e9f]


siginfo: EXCEPTION_ACCESS_VIOLATION (0xc0000005), reading address 0x0000000001ad006a


Register to memory mapping:

RIP=0x00007ffd1574d65a jvm.dll
RAX=0x00000000000001ac is an unknown value
RBX=0x000002019f57d267 points into unknown readable memory: 64
RCX=0x0000000001ad0066 is an unknown value
RDX=0x00000201a5d9c240 points into unknown readable memory: 0x657774752f6c6e4c | 4c 6e 6c 2f 75 74 77 65
RSP=0x0000001878dff480 is pointing into the stack for thread: 0x00000201a00201e0
RBP=0x000002019faca9a0 points into unknown readable memory: 0x0000001700000002 | 02 00 00 00 17 00 00 00
RSI=0x0 is NULL
RDI=0xffffffffffffffff is an unknown value
R8 =0x000000000000000a is an unknown value
R9 =0x0000000000000029 is an unknown value
R10=0x0 is NULL
R11=0x0000001878dff4a0 is pointing into the stack for thread: 0x00000201a00201e0
R12=0x0000001878dff5d8 is pointing into the stack for thread: 0x00000201a00201e0
R13=0x0 is NULL
R14=0x00000007c0410340 is a pointer to class: 
nl.utwente.groove.io.graph.AttrGraph {0x00000007c0410348}
 - instance size:     7
 - klass size:        223
 - access:            public synchronized 
 - state:             fully_initialized
 - name:              'nl/utwente/groove/io/graph/AttrGraph'
 - super:             'nl/utwente/groove/graph/NodeSetEdgeSetGraph'
 - sub:               
 - arrays:            NULL
 - methods:           Array<T>(0x00000201a670cef0)
 - method ordering:   Array<T>(0x00000201a670e6c0)
 - default_methods:   Array<T>(0x00000201a665b560)
 - default vtable indices:   Array<T>(0x00000201a665b600)
 - local interfaces:  Array<T>(0x000002019ec00058)
 - trans. interfaces: Array<T>(0x00000201a6167600)
 - constants:         constant pool [468]/operands[14] {0x00000201a670edc0} for 'nl/utwente/groove/io/graph/AttrGraph' cache=0x00000201a6709000
 - class loader data:  loader data: 0x000002019fff6930 for instance a 'jdk/internal/loader/ClassLoaders$AppClassLoader'{0x00000006c3a00170}
 - source file:       'AttrGraph.java'
 - source debug extension:       SMAP
AttrGraph.java
Java
*S jdt
*F
1 AttrGraph.java
2 file:/C:/Eclipse/workspace-2023-03/groove/target/classes/
*L
*E

 - class annotations:       Array<T>(0x0000000000000000)
 - class type annotations:  Array<T>(0x0000000000000000)
 - field annotations:       Array<T>(0x0000000000000000)
 - field type annotations:  Array<T>(0x0000000000000000)
 - generic signature: '
[error occurred during error reporting (printing register info), id 0xc0000005, EXCEPTION_ACCESS_VIOLATION (0xc0000005) at pc=0x00007ffd1574e266]

Registers:
RAX=0x00000000000001ac, RBX=0x000002019f57d267, RCX=0x0000000001ad0066, RDX=0x00000201a5d9c240
RSP=0x0000001878dff480, RBP=0x000002019faca9a0, RSI=0x0000000000000000, RDI=0xffffffffffffffff
R8 =0x000000000000000a, R9 =0x0000000000000029, R10=0x0000000000000000, R11=0x0000001878dff4a0
R12=0x0000001878dff5d8, R13=0x0000000000000000, R14=0x00000007c0410340, R15=0x0000001878dff628
RIP=0x00007ffd1574d65a, EFLAGS=0x0000000000010202

Top of Stack: (sp=0x0000001878dff480)
0x0000001878dff480:   0000000000000024 00000007c0410340
0x0000001878dff490:   00000201a00201e0 0000000000000000
0x0000001878dff4a0:   ffffffffffffffff 00007ffd15514e0c
0x0000001878dff4b0:   000002019f57d267 000002019f57d240
0x0000001878dff4c0:   000002019faca9a0 00000201a338ec90
0x0000001878dff4d0:   000002019f57d200 00000000000003d8
0x0000001878dff4e0:   000002019f57d210 000002019f57d5e8
0x0000001878dff4f0:   0000000000000002 0000001878dff5d8
0x0000001878dff500:   0000000000000000 0000000000000000
0x0000001878dff510:   00000006c5434158 00007ffd154e0634
0x0000001878dff520:   00000201a00201e0 0000001878dff628
0x0000001878dff530:   00000201f9939df0 0000001878dff628
0x0000001878dff540:   00000201a00201e0 0000000000000000
0x0000001878dff550:   0000020100000000 0000000000000000
0x0000001878dff560:   000000000000000d 00007ffdc5eb2e9f
0x0000001878dff570:   0000001878dff620 00007ffdc5ec1830 

Instructions: (pc=0x00007ffd1574d65a)
0x00007ffd1574d55a:   48 83 c4 20 5f e9 8c 75 96 ff cc cc cc cc cc cc
0x00007ffd1574d56a:   cc cc cc cc cc cc 48 89 5c 24 08 57 48 83 ec 20
0x00007ffd1574d57a:   83 fa 02 8d 42 06 b9 08 00 00 00 49 8b d8 0f 4e
0x00007ffd1574d58a:   c1 48 63 c8 48 83 c1 07 83 e1 f8 48 63 f9 49 8b
0x00007ffd1574d59a:   48 18 48 8b c7 48 f7 d0 48 3b c1 73 16 4c 8d 05
0x00007ffd1574d5aa:   8a 52 17 00 48 8b d7 48 8b cb e8 97 d8 96 ff 48
0x00007ffd1574d5ba:   8b 4b 18 48 8d 04 39 48 3b 43 20 76 18 45 33 c0
0x00007ffd1574d5ca:   48 8b d7 48 8b cb 48 8b 5c 24 30 48 83 c4 20 5f
0x00007ffd1574d5da:   e9 f1 d4 96 ff 48 89 43 18 48 8b c1 48 8b 5c 24
0x00007ffd1574d5ea:   30 48 83 c4 20 5f c3 cc cc cc cc cc cc cc cc cc
0x00007ffd1574d5fa:   cc cc cc cc cc cc 4c 8b d2 4c 8b d9 45 85 c0 7e
0x00007ffd1574d60a:   3c 44 0f b7 49 04 41 8d 40 ff 41 3b c1 44 0f 4c
0x00007ffd1574d61a:   c8 4d 63 c1 45 85 c9 7e 1f 48 8b c2 4c 2b da 49
0x00007ffd1574d62a:   8b d0 0f 1f 40 00 41 0f b6 4c 03 06 88 08 48 8d
0x00007ffd1574d63a:   40 01 48 83 ea 01 75 ee 43 c6 04 10 00 49 8b c2
0x00007ffd1574d64a:   c3 cc cc cc cc cc 48 89 5c 24 08 57 48 83 ec 20
0x00007ffd1574d65a:   0f b7 59 04 48 8b f9 33 d2 48 8d 4b 01 e8 44 96
0x00007ffd1574d66a:   f8 ff 0f b7 57 04 4c 8b c0 3b da 0f 42 d3 44 8b
0x00007ffd1574d67a:   ca 85 d2 74 39 48 2b f8 0f 1f 40 00 66 66 0f 1f
0x00007ffd1574d68a:   84 00 00 00 00 00 0f b6 4c 07 06 88 08 48 ff c0
0x00007ffd1574d69a:   48 8b c8 49 2b c8 49 3b c9 7c eb 42 c6 04 02 00
0x00007ffd1574d6aa:   49 8b c0 48 8b 5c 24 30 48 83 c4 20 5f c3 48 8b
0x00007ffd1574d6ba:   5c 24 30 c6 04 02 00 48 83 c4 20 5f c3 cc cc cc
0x00007ffd1574d6ca:   cc cc cc cc cc cc 4c 8b d1 45 85 c0 7e 6c 44 0f
0x00007ffd1574d6da:   b7 49 04 41 8d 40 ff 41 3b c1 44 0f 4c c8 4d 63
0x00007ffd1574d6ea:   d9 45 85 c9 7e 22 48 8b ca 4c 2b d2 4d 8b c3 0f
0x00007ffd1574d6fa:   1f 80 00 00 00 00 41 0f b6 44 0a 06 88 01 48 8d
0x00007ffd1574d70a:   49 01 49 83 e8 01 75 ee 41 c6 04 13 00 48 c7 c0
0x00007ffd1574d71a:   ff ff ff ff 66 90 48 ff c0 80 3c 02 00 75 f7 48
0x00007ffd1574d72a:   63 c8 85 c0 48 8b c2 7e 14 80 38 2f 75 03 c6 00
0x00007ffd1574d73a:   2e 48 ff c0 48 83 e9 01 75 ef 48 8b c2 c3 cc cc
0x00007ffd1574d74a:   cc cc cc cc cc cc 48 83 ec 28 e8 f7 fe ff ff 4c 


Stack slot to memory mapping:
stack at sp + 0 slots: 0x0000000000000024 is an unknown value
stack at sp + 1 slots: 0x00000007c0410340 is a pointer to class: 
nl.utwente.groove.io.graph.AttrGraph {0x00000007c0410348}
 - instance size:     7
 - klass size:        223
 - access:            public synchronized 
 - state:             fully_initialized
 - name:              'nl/utwente/groove/io/graph/AttrGraph'
 - super:             'nl/utwente/groove/graph/NodeSetEdgeSetGraph'
 - sub:               
 - arrays:            NULL
 - methods:           Array<T>(0x00000201a670cef0)
 - method ordering:   Array<T>(0x00000201a670e6c0)
 - default_methods:   Array<T>(0x00000201a665b560)
 - default vtable indices:   Array<T>(0x00000201a665b600)
 - local interfaces:  Array<T>(0x000002019ec00058)
 - trans. interfaces: Array<T>(0x00000201a6167600)
 - constants:         constant pool [468]/operands[14] {0x00000201a670edc0} for 'nl/utwente/groove/io/graph/AttrGraph' cache=0x00000201a6709000
 - class loader data:  loader data: 0x000002019fff6930 for instance a 'jdk/internal/loader/ClassLoaders$AppClassLoader'{0x00000006c3a00170}
 - source file:       'AttrGraph.java'
 - source debug extension:       SMAP
AttrGraph.java
Java
*S jdt
*F
1 AttrGraph.java
2 file:/C:/Eclipse/workspace-2023-03/groove/target/classes/
*L
*E

 - class annotations:       Array<T>(0x0000000000000000)
 - class type annotations:  Array<T>(0x0000000000000000)
 - field annotations:       Array<T>(0x0000000000000000)
 - field type annotations:  Array<T>(0x0000000000000000)
 - generic signature: '
[error occurred during error reporting (inspecting top of stack), id 0xc0000005, EXCEPTION_ACCESS_VIOLATION (0xc0000005) at pc=0x00007ffd1574e266]


---------------  P R O C E S S  ---------------

Threads class SMR info:
_java_thread_list=0x00000201a293c890, length=20, elements={
0x000002019eaeea90, 0x000002019f4589c0, 0x000002019f466020, 0x000002019f4669e0,
0x000002019f475ea0, 0x000002019f476850, 0x000002019f4897f0, 0x000002019f48b1f0,
0x000002019f48fc00, 0x000002019f52def0, 0x00000201a00201e0, 0x00000201a01fe1e0,
0x00000201a01fe6d0, 0x00000201a02c7090, 0x00000201a0075790, 0x00000201a03fc2f0,
0x00000201a0b94790, 0x00000201a4a15e10, 0x00000201a0eb6ff0, 0x00000201a0eb8330
}

Java Threads: ( => current thread )
  0x000002019eaeea90 JavaThread "Reference Handler" daemon [_thread_blocked, id=10208, stack(0x0000001877c00000,0x0000001877d00000)]
  0x000002019f4589c0 JavaThread "Finalizer" daemon [_thread_blocked, id=28884, stack(0x0000001877d00000,0x0000001877e00000)]
  0x000002019f466020 JavaThread "Signal Dispatcher" daemon [_thread_blocked, id=22352, stack(0x0000001877e00000,0x0000001877f00000)]
  0x000002019f4669e0 JavaThread "Attach Listener" daemon [_thread_blocked, id=2612, stack(0x0000001877f00000,0x0000001878000000)]
  0x000002019f475ea0 JavaThread "Service Thread" daemon [_thread_blocked, id=2900, stack(0x0000001878000000,0x0000001878100000)]
  0x000002019f476850 JavaThread "Monitor Deflation Thread" daemon [_thread_blocked, id=27504, stack(0x0000001878100000,0x0000001878200000)]
  0x000002019f4897f0 JavaThread "C2 CompilerThread0" daemon [_thread_blocked, id=21920, stack(0x0000001878200000,0x0000001878300000)]
  0x000002019f48b1f0 JavaThread "C1 CompilerThread0" daemon [_thread_blocked, id=16736, stack(0x0000001878300000,0x0000001878400000)]
  0x000002019f48fc00 JavaThread "Sweeper thread" daemon [_thread_blocked, id=34728, stack(0x0000001878400000,0x0000001878500000)]
  0x000002019f52def0 JavaThread "Common-Cleaner" daemon [_thread_blocked, id=27152, stack(0x0000001878500000,0x0000001878600000)]
=>0x00000201a00201e0 JavaThread "JDWP Transport Listener: dt_socket" daemon [_thread_in_vm, id=28748, stack(0x0000001878d00000,0x0000001878e00000)]
  0x00000201a01fe1e0 JavaThread "JDWP Event Helper Thread" daemon [_thread_blocked, id=32828, stack(0x0000001878e00000,0x0000001878f00000)]
  0x00000201a01fe6d0 JavaThread "JDWP Command Reader" daemon [_thread_in_native, id=21592, stack(0x0000001878f00000,0x0000001879000000)]
  0x00000201a02c7090 JavaThread "Notification Thread" daemon [_thread_blocked, id=34424, stack(0x0000001879000000,0x0000001879100000)]
  0x00000201a0075790 JavaThread "Java2D Disposer" daemon [_thread_blocked, id=28040, stack(0x0000001879200000,0x0000001879300000)]
  0x00000201a03fc2f0 JavaThread "AWT-Shutdown" [_thread_blocked, id=34156, stack(0x0000001879300000,0x0000001879400000)]
  0x00000201a0b94790 JavaThread "AWT-Windows" daemon [_thread_in_native, id=7936, stack(0x0000001879400000,0x0000001879500000)]
  0x00000201a4a15e10 JavaThread "AWT-EventQueue-0" [_thread_blocked, id=31228, stack(0x0000001879d00000,0x0000001879e00000)]
  0x00000201a0eb6ff0 JavaThread "TimerQueue" daemon [_thread_blocked, id=31812, stack(0x0000001879e00000,0x0000001879f00000)]
  0x00000201a0eb8330 JavaThread "DestroyJavaVM" [_thread_blocked, id=24496, stack(0x0000001877500000,0x0000001877600000)]

Other Threads:
  0x000002019eabc090 VMThread "VM Thread" [stack: 0x0000001877b00000,0x0000001877c00000] [id=25748]
  0x00000201fba50e50 WatcherThread [stack: 0x0000001879100000,0x0000001879200000] [id=13724]
  0x00000201fba37080 GCTaskThread "GC Thread#0" [stack: 0x0000001877600000,0x0000001877700000] [id=28428]
  0x000002019f949cd0 GCTaskThread "GC Thread#1" [stack: 0x0000001878800000,0x0000001878900000] [id=22164]
  0x000002019f949f80 GCTaskThread "GC Thread#2" [stack: 0x0000001878900000,0x0000001878a00000] [id=16464]
  0x000002019f94a230 GCTaskThread "GC Thread#3" [stack: 0x0000001878a00000,0x0000001878b00000] [id=30760]
  0x000002019f94a4e0 GCTaskThread "GC Thread#4" [stack: 0x0000001878b00000,0x0000001878c00000] [id=27156]
  0x000002019f94a790 GCTaskThread "GC Thread#5" [stack: 0x0000001878c00000,0x0000001878d00000] [id=7456]
  0x00000201a0240470 GCTaskThread "GC Thread#6" [stack: 0x0000001879600000,0x0000001879700000] [id=11188]
  0x00000201a02409d0 GCTaskThread "GC Thread#7" [stack: 0x0000001879700000,0x0000001879800000] [id=33860]
  0x00000201a023f1a0 GCTaskThread "GC Thread#8" [stack: 0x0000001879800000,0x0000001879900000] [id=33172]
  0x00000201a023fc60 GCTaskThread "GC Thread#9" [stack: 0x0000001879900000,0x0000001879a00000] [id=20168]
  0x00000201fba483e0 ConcurrentGCThread "G1 Main Marker" [stack: 0x0000001877700000,0x0000001877800000] [id=20696]
  0x00000201fba49e00 ConcurrentGCThread "G1 Conc#0" [stack: 0x0000001877800000,0x0000001877900000] [id=28860]
  0x00000201a023ff10 ConcurrentGCThread "G1 Conc#1" [stack: 0x0000001879b00000,0x0000001879c00000] [id=21048]
  0x00000201a02401c0 ConcurrentGCThread "G1 Conc#2" [stack: 0x0000001879c00000,0x0000001879d00000] [id=24812]
  0x000002019e9720e0 ConcurrentGCThread "G1 Refine#0" [stack: 0x0000001877900000,0x0000001877a00000] [id=30652]
  0x00000201a29c9860 ConcurrentGCThread "G1 Refine#1" [stack: 0x0000001879a00000,0x0000001879b00000] [id=22328]
  0x000002019e972b00 ConcurrentGCThread "G1 Service" [stack: 0x0000001877a00000,0x0000001877b00000] [id=10268]

Threads with active compile tasks:

VM state: not at safepoint (normal execution)

VM Mutex/Monitor currently owned by a thread: None

Heap address: 0x00000006c3800000, size: 4040 MB, Compressed Oops mode: Zero based, Oop shift amount: 3

CDS archive(s) not mapped
Compressed class space mapped at: 0x00000007c0000000-0x0000000800000000, reserved size: 1073741824
Narrow klass base: 0x0000000000000000, Narrow klass shift: 3, Narrow klass range: 0x800000000

GC Precious Log:
 CPUs: 12 total, 12 available
 Memory: 16158M
 Large Page Support: Disabled
 NUMA Support: Disabled
 Compressed Oops: Enabled (Zero based)
 Heap Region Size: 2M
 Heap Min Capacity: 8M
 Heap Initial Capacity: 254M
 Heap Max Capacity: 4040M
 Pre-touch: Disabled
 Parallel Workers: 10
 Concurrent Workers: 3
 Concurrent Refinement Workers: 10
 Periodic GC: Disabled

Heap:
 garbage-first heap   total 40960K, used 33764K [0x00000006c3800000, 0x00000007c0000000)
  region size 2048K, 9 young (18432K), 1 survivors (2048K)
 Metaspace       used 35672K, committed 35968K, reserved 1081344K
  class space    used 4159K, committed 4352K, reserved 1048576K

Heap Regions: E=young(eden), S=young(survivor), O=old, HS=humongous(starts), HC=humongous(continues), CS=collection set, F=free, OA=open archive, CA=closed archive, TAMS=top-at-mark-start (previous, next)
|   0|0x00000006c3800000, 0x00000006c3980600, 0x00000006c3a00000| 75%| O|  |TAMS 0x00000006c3800000, 0x00000006c380fe00| Untracked 
|   1|0x00000006c3a00000, 0x00000006c3c00000, 0x00000006c3c00000|100%| O|  |TAMS 0x00000006c3a00000, 0x00000006c3c00000| Untracked 
|   2|0x00000006c3c00000, 0x00000006c3e00000, 0x00000006c3e00000|100%| O|  |TAMS 0x00000006c3c00000, 0x00000006c3e00000| Untracked 
|   3|0x00000006c3e00000, 0x00000006c4000000, 0x00000006c4000000|100%| O|  |TAMS 0x00000006c3e00000, 0x00000006c4000000| Untracked 
|   4|0x00000006c4000000, 0x00000006c4000000, 0x00000006c4200000|  0%| F|  |TAMS 0x00000006c4000000, 0x00000006c4000000| Untracked 
|   5|0x00000006c4200000, 0x00000006c4400000, 0x00000006c4400000|100%| O|  |TAMS 0x00000006c4200000, 0x00000006c4400000| Untracked 
|   6|0x00000006c4400000, 0x00000006c4600000, 0x00000006c4600000|100%|HS|  |TAMS 0x00000006c4400000, 0x00000006c4400000| Complete 
|   7|0x00000006c4600000, 0x00000006c4800000, 0x00000006c4800000|100%|HC|  |TAMS 0x00000006c4600000, 0x00000006c4600000| Complete 
|   8|0x00000006c4800000, 0x00000006c4a00000, 0x00000006c4a00000|100%|HC|  |TAMS 0x00000006c4800000, 0x00000006c4800000| Complete 
|   9|0x00000006c4a00000, 0x00000006c4c00000, 0x00000006c4c00000|100%|HC|  |TAMS 0x00000006c4a00000, 0x00000006c4a00000| Complete 
|  10|0x00000006c4c00000, 0x00000006c4e00000, 0x00000006c4e00000|100%|HC|  |TAMS 0x00000006c4c00000, 0x00000006c4c00000| Complete 
|  11|0x00000006c4e00000, 0x00000006c4e644e8, 0x00000006c5000000| 19%| E|  |TAMS 0x00000006c4e00000, 0x00000006c4e00000| Complete 
|  12|0x00000006c5000000, 0x00000006c5200000, 0x00000006c5200000|100%| E|CS|TAMS 0x00000006c5000000, 0x00000006c5000000| Complete 
|  13|0x00000006c5200000, 0x00000006c5400000, 0x00000006c5400000|100%| E|CS|TAMS 0x00000006c5200000, 0x00000006c5200000| Complete 
|  14|0x00000006c5400000, 0x00000006c5600000, 0x00000006c5600000|100%| E|CS|TAMS 0x00000006c5400000, 0x00000006c5400000| Complete 
| 118|0x00000006d2400000, 0x00000006d2578c50, 0x00000006d2600000| 73%| S|CS|TAMS 0x00000006d2400000, 0x00000006d2400000| Complete 
| 119|0x00000006d2600000, 0x00000006d2800000, 0x00000006d2800000|100%| E|  |TAMS 0x00000006d2600000, 0x00000006d2600000| Complete 
| 120|0x00000006d2800000, 0x00000006d2a00000, 0x00000006d2a00000|100%| E|CS|TAMS 0x00000006d2800000, 0x00000006d2800000| Complete 
| 121|0x00000006d2a00000, 0x00000006d2c00000, 0x00000006d2c00000|100%| E|CS|TAMS 0x00000006d2a00000, 0x00000006d2a00000| Complete 
| 126|0x00000006d3400000, 0x00000006d3600000, 0x00000006d3600000|100%| E|CS|TAMS 0x00000006d3400000, 0x00000006d3400000| Complete 

Card table byte_map: [0x00000201fc7f0000,0x00000201fcfe0000] _byte_map_base: 0x00000201f91d4000

Marking Bits (Prev, Next): (CMBitMap*) 0x00000201fba376d0, (CMBitMap*) 0x00000201fba37690
 Prev Bits: [0x000002019a690000, 0x000002019e5b0000)
 Next Bits: [0x0000020196770000, 0x000002019a690000)

Polling page: 0x00000201fb1b0000

Metaspace:

Usage:
  Non-class:     30.77 MB used.
      Class:      4.06 MB used.
       Both:     34.84 MB used.

Virtual space:
  Non-class space:       32.00 MB reserved,      30.88 MB ( 96%) committed,  4 nodes.
      Class space:        1.00 GB reserved,       4.25 MB ( <1%) committed,  1 nodes.
             Both:        1.03 GB reserved,      35.12 MB (  3%) committed. 

Chunk freelists:
   Non-Class:  962.00 KB
       Class:  3.79 MB
        Both:  4.73 MB

MaxMetaspaceSize: unlimited
CompressedClassSpaceSize: 1.00 GB
Initial GC threshold: 21.00 MB
Current GC threshold: 35.31 MB
CDS: off
MetaspaceReclaimPolicy: balanced
 - commit_granule_bytes: 65536.
 - commit_granule_words: 8192.
 - virtual_space_node_default_size: 1048576.
 - enlarge_chunks_in_place: 1.
 - new_chunks_are_fully_committed: 0.
 - uncommit_free_chunks: 1.
 - use_allocation_guard: 0.
 - handle_deallocations: 1.


Internal statistics:

num_allocs_failed_limit: 3.
num_arena_births: 338.
num_arena_deaths: 0.
num_vsnodes_births: 5.
num_vsnodes_deaths: 0.
num_space_committed: 562.
num_space_uncommitted: 0.
num_chunks_returned_to_freelist: 3.
num_chunks_taken_from_freelist: 829.
num_chunk_merges: 0.
num_chunk_splits: 555.
num_chunks_enlarged: 388.
num_purges: 0.
num_inconsistent_stats: 0.

CodeHeap 'non-profiled nmethods': size=120000Kb used=2262Kb max_used=2262Kb free=117737Kb
 bounds [0x000002018f240000, 0x000002018f4b0000, 0x0000020196770000]
CodeHeap 'profiled nmethods': size=120000Kb used=8412Kb max_used=8412Kb free=111587Kb
 bounds [0x0000020187d10000, 0x0000020188550000, 0x000002018f240000]
CodeHeap 'non-nmethods': size=5760Kb used=1419Kb max_used=1529Kb free=4340Kb
 bounds [0x0000020187770000, 0x00000201879e0000, 0x0000020187d10000]
 total_blobs=4751 nmethods=4056 adapters=607
 compilation: enabled
              stopped_count=0, restarted_count=0
 full_count=0

Compilation events (20 events):
Event: 45.487 Thread 0x000002019f48b1f0 nmethod 4056 0x0000020188543610 code [0x00000201885437a0, 0x0000020188543958]
Event: 45.487 Thread 0x000002019f48b1f0 4060       3       java.lang.ThreadLocal$ThreadLocalMap::set (133 bytes)
Event: 45.487 Thread 0x000002019f48b1f0 nmethod 4060 0x0000020188543a10 code [0x0000020188543ca0, 0x00000201885449c8]
Event: 45.487 Thread 0x000002019f48b1f0 4055       1       org.glassfish.jaxb.runtime.v2.runtime.unmarshaller.UnmarshallingContext$State::getContext (5 bytes)
Event: 45.487 Thread 0x000002019f48b1f0 nmethod 4055 0x000002018f472f90 code [0x000002018f473120, 0x000002018f4731f8]
Event: 45.487 Thread 0x000002019f48b1f0 4057       1       java.lang.ThreadLocal::initialValue (2 bytes)
Event: 45.488 Thread 0x000002019f48b1f0 nmethod 4057 0x000002018f473290 code [0x000002018f473420, 0x000002018f4734f8]
Event: 45.488 Thread 0x000002019f48b1f0 4062       3       org.apache.xerces.impl.XMLEntityScanner::scanChar (197 bytes)
Event: 45.488 Thread 0x000002019f48b1f0 nmethod 4062 0x0000020188544e90 code [0x0000020188545060, 0x0000020188545518]
Event: 45.488 Thread 0x000002019f48b1f0 4063       3       org.apache.xerces.impl.XMLEntityScanner::skipSpaces (285 bytes)
Event: 45.488 Thread 0x000002019f48b1f0 nmethod 4063 0x0000020188545710 code [0x0000020188545940, 0x0000020188546328]
Event: 45.488 Thread 0x000002019f48b1f0 4064       3       org.apache.xerces.xni.QName::setValues (33 bytes)
Event: 45.489 Thread 0x000002019f48b1f0 nmethod 4064 0x0000020188546790 code [0x0000020188546940, 0x0000020188546bf8]
Event: 45.489 Thread 0x000002019f48b1f0 4065       3       java.lang.ThreadLocal::set (30 bytes)
Event: 45.489 Thread 0x000002019f48b1f0 nmethod 4065 0x0000020188546c90 code [0x0000020188546e60, 0x00000201885471f8]
Event: 45.502 Thread 0x000002019f4897f0 nmethod 4058 0x000002018f473590 code [0x000002018f4737a0, 0x000002018f474698]
Event: 45.502 Thread 0x000002019f4897f0 4061       4       java.lang.AbstractStringBuilder::charAt (36 bytes)
Event: 45.503 Thread 0x000002019f4897f0 nmethod 4061 0x000002018f475390 code [0x000002018f475520, 0x000002018f475678]
Event: 45.503 Thread 0x000002019f4897f0 4059       4       java.util.WeakHashMap::getTable (9 bytes)
Event: 45.503 Thread 0x000002019f4897f0 nmethod 4059 0x000002018f475790 code [0x000002018f475920, 0x000002018f4759c8]

GC Heap History (16 events):
Event: 0.350 GC heap before
{Heap before GC invocations=0 (full 0):
 garbage-first heap   total 260096K, used 22528K [0x00000006c3800000, 0x00000007c0000000)
  region size 2048K, 11 young (22528K), 0 survivors (0K)
 Metaspace       used 7022K, committed 7232K, reserved 1056768K
  class space    used 606K, committed 704K, reserved 1048576K
}
Event: 0.352 GC heap after
{Heap after GC invocations=1 (full 0):
 garbage-first heap   total 260096K, used 981K [0x00000006c3800000, 0x00000007c0000000)
  region size 2048K, 1 young (2048K), 1 survivors (2048K)
 Metaspace       used 7022K, committed 7232K, reserved 1056768K
  class space    used 606K, committed 704K, reserved 1048576K
}
Event: 1.320 GC heap before
{Heap before GC invocations=1 (full 0):
 garbage-first heap   total 260096K, used 43989K [0x00000006c3800000, 0x00000007c0000000)
  region size 2048K, 22 young (45056K), 1 survivors (2048K)
 Metaspace       used 20410K, committed 20608K, reserved 1073152K
  class space    used 2106K, committed 2176K, reserved 1048576K
}
Event: 1.324 GC heap after
{Heap after GC invocations=2 (full 0):
 garbage-first heap   total 260096K, used 7351K [0x00000006c3800000, 0x00000007c0000000)
  region size 2048K, 3 young (6144K), 3 survivors (6144K)
 Metaspace       used 20410K, committed 20608K, reserved 1073152K
  class space    used 2106K, committed 2176K, reserved 1048576K
}
Event: 1.403 GC heap before
{Heap before GC invocations=2 (full 0):
 garbage-first heap   total 260096K, used 15543K [0x00000006c3800000, 0x00000007c0000000)
  region size 2048K, 8 young (16384K), 3 survivors (6144K)
 Metaspace       used 21359K, committed 21504K, reserved 1073152K
  class space    used 2237K, committed 2304K, reserved 1048576K
}
Event: 1.406 GC heap after
{Heap after GC invocations=3 (full 0):
 garbage-first heap   total 260096K, used 7718K [0x00000006c3800000, 0x00000007c0000000)
  region size 2048K, 4 young (8192K), 4 survivors (8192K)
 Metaspace       used 21359K, committed 21504K, reserved 1073152K
  class space    used 2237K, committed 2304K, reserved 1048576K
}
Event: 1.737 GC heap before
{Heap before GC invocations=4 (full 0):
 garbage-first heap   total 40960K, used 28198K [0x00000006c3800000, 0x00000007c0000000)
  region size 2048K, 15 young (30720K), 4 survivors (8192K)
 Metaspace       used 24388K, committed 24640K, reserved 1073152K
  class space    used 2701K, committed 2816K, reserved 1048576K
}
Event: 1.743 GC heap after
{Heap after GC invocations=5 (full 0):
 garbage-first heap   total 40960K, used 8357K [0x00000006c3800000, 0x00000007c0000000)
  region size 2048K, 1 young (2048K), 1 survivors (2048K)
 Metaspace       used 24388K, committed 24640K, reserved 1073152K
  class space    used 2701K, committed 2816K, reserved 1048576K
}
Event: 1.798 GC heap before
{Heap before GC invocations=5 (full 0):
 garbage-first heap   total 40960K, used 10405K [0x00000006c3800000, 0x00000007c0000000)
  region size 2048K, 2 young (4096K), 1 survivors (2048K)
 Metaspace       used 25337K, committed 25600K, reserved 1073152K
  class space    used 2798K, committed 2944K, reserved 1048576K
}
Event: 1.800 GC heap after
{Heap after GC invocations=6 (full 0):
 garbage-first heap   total 40960K, used 8663K [0x00000006c3800000, 0x00000007c0000000)
  region size 2048K, 1 young (2048K), 1 survivors (2048K)
 Metaspace       used 25337K, committed 25600K, reserved 1073152K
  class space    used 2798K, committed 2944K, reserved 1048576K
}
Event: 2.183 GC heap before
{Heap before GC invocations=6 (full 0):
 garbage-first heap   total 40960K, used 29143K [0x00000006c3800000, 0x00000007c0000000)
  region size 2048K, 11 young (22528K), 1 survivors (2048K)
 Metaspace       used 29612K, committed 29760K, reserved 1081344K
  class space    used 3336K, committed 3392K, reserved 1048576K
}
Event: 2.185 GC heap after
{Heap after GC invocations=7 (full 0):
 garbage-first heap   total 40960K, used 9799K [0x00000006c3800000, 0x00000007c0000000)
  region size 2048K, 2 young (4096K), 2 survivors (4096K)
 Metaspace       used 29612K, committed 29760K, reserved 1081344K
  class space    used 3336K, committed 3392K, reserved 1048576K
}
Event: 2.620 GC heap before
{Heap before GC invocations=7 (full 0):
 garbage-first heap   total 40960K, used 28231K [0x00000006c3800000, 0x00000007c0000000)
  region size 2048K, 12 young (24576K), 2 survivors (4096K)
 Metaspace       used 33254K, committed 33536K, reserved 1081344K
  class space    used 3881K, committed 4032K, reserved 1048576K
}
Event: 2.623 GC heap after
{Heap after GC invocations=8 (full 0):
 garbage-first heap   total 40960K, used 11125K [0x00000006c3800000, 0x00000007c0000000)
  region size 2048K, 2 young (4096K), 2 survivors (4096K)
 Metaspace       used 33254K, committed 33536K, reserved 1081344K
  class space    used 3881K, committed 4032K, reserved 1048576K
}
Event: 2.767 GC heap before
{Heap before GC invocations=8 (full 0):
 garbage-first heap   total 40960K, used 17269K [0x00000006c3800000, 0x00000007c0000000)
  region size 2048K, 6 young (12288K), 2 survivors (4096K)
 Metaspace       used 33575K, committed 33792K, reserved 1081344K
  class space    used 3901K, committed 4032K, reserved 1048576K
}
Event: 2.770 GC heap after
{Heap after GC invocations=9 (full 0):
 garbage-first heap   total 40960K, used 11236K [0x00000006c3800000, 0x00000007c0000000)
  region size 2048K, 1 young (2048K), 1 survivors (2048K)
 Metaspace       used 33575K, committed 33792K, reserved 1081344K
  class space    used 3901K, committed 4032K, reserved 1048576K
}

Deoptimization events (20 events):
Event: 45.481 Thread 0x00000201a4a15e10 DEOPT PACKING pc=0x000002018815bd45 sp=0x0000001879dfbad0
Event: 45.481 Thread 0x00000201a4a15e10 DEOPT UNPACKING pc=0x00000201877c2b43 sp=0x0000001879dfaf78 mode 1
Event: 45.481 Thread 0x00000201a4a15e10 DEOPT PACKING pc=0x000002018815b754 sp=0x0000001879dfbb40
Event: 45.481 Thread 0x00000201a4a15e10 DEOPT UNPACKING pc=0x00000201877c2b43 sp=0x0000001879dfaff8 mode 1
Event: 45.481 Thread 0x00000201a4a15e10 DEOPT PACKING pc=0x000002018800c614 sp=0x0000001879dfbcf0
Event: 45.481 Thread 0x00000201a4a15e10 DEOPT UNPACKING pc=0x00000201877c2b43 sp=0x0000001879dfb188 mode 1
Event: 45.482 Thread 0x00000201a4a15e10 DEOPT PACKING pc=0x0000020187d8c79c sp=0x0000001879dfd740
Event: 45.482 Thread 0x00000201a4a15e10 DEOPT UNPACKING pc=0x00000201877c2b43 sp=0x0000001879dfcc00 mode 1
Event: 45.482 Thread 0x00000201a4a15e10 DEOPT PACKING pc=0x0000020187d68614 sp=0x0000001879dfd7c0
Event: 45.482 Thread 0x00000201a4a15e10 DEOPT UNPACKING pc=0x00000201877c2b43 sp=0x0000001879dfcd28 mode 1
Event: 45.483 Thread 0x00000201a4a15e10 DEOPT PACKING pc=0x0000020187ef7e14 sp=0x0000001879dfd920
Event: 45.483 Thread 0x00000201a4a15e10 DEOPT UNPACKING pc=0x00000201877c2b43 sp=0x0000001879dfcda8 mode 1
Event: 45.483 Thread 0x00000201a4a15e10 DEOPT PACKING pc=0x000002018815bd45 sp=0x0000001879dfd810
Event: 45.483 Thread 0x00000201a4a15e10 DEOPT UNPACKING pc=0x00000201877c2b43 sp=0x0000001879dfccb8 mode 1
Event: 45.483 Thread 0x00000201a4a15e10 DEOPT PACKING pc=0x000002018815b754 sp=0x0000001879dfd880
Event: 45.483 Thread 0x00000201a4a15e10 DEOPT UNPACKING pc=0x00000201877c2b43 sp=0x0000001879dfcd38 mode 1
Event: 45.483 Thread 0x00000201a4a15e10 DEOPT PACKING pc=0x000002018800c614 sp=0x0000001879dfda30
Event: 45.483 Thread 0x00000201a4a15e10 DEOPT UNPACKING pc=0x00000201877c2b43 sp=0x0000001879dfcec8 mode 1
Event: 45.489 Thread 0x00000201a4a15e10 DEOPT PACKING pc=0x0000020188545d04 sp=0x0000001879dfe470
Event: 45.489 Thread 0x00000201a4a15e10 DEOPT UNPACKING pc=0x00000201877c2b43 sp=0x0000001879dfd930 mode 1

Classes unloaded (0 events):
No events

Classes redefined (1 events):
Event: 126.689 Thread 0x000002019eabc090 redefined class name=nl.utwente.groove.io.graph.AttrGraph, count=1

Internal exceptions (20 events):
Event: 45.466 Thread 0x00000201a4a15e10 Exception <a 'sun/nio/fs/WindowsException'{0x00000006c50759c0}> (0x00000006c50759c0) 
thrown [t:\workspace\open\src\hotspot\share\prims\jni.cpp, line 516]
Event: 45.466 Thread 0x00000201a4a15e10 Exception <a 'sun/nio/fs/WindowsException'{0x00000006c507f080}> (0x00000006c507f080) 
thrown [t:\workspace\open\src\hotspot\share\prims\jni.cpp, line 516]
Event: 45.468 Thread 0x00000201a4a15e10 Exception <a 'sun/nio/fs/WindowsException'{0x00000006c509bb18}> (0x00000006c509bb18) 
thrown [t:\workspace\open\src\hotspot\share\prims\jni.cpp, line 516]
Event: 45.468 Thread 0x00000201a4a15e10 Exception <a 'sun/nio/fs/WindowsException'{0x00000006c50b8940}> (0x00000006c50b8940) 
thrown [t:\workspace\open\src\hotspot\share\prims\jni.cpp, line 516]
Event: 45.469 Thread 0x00000201a4a15e10 Exception <a 'sun/nio/fs/WindowsException'{0x00000006c50c24d0}> (0x00000006c50c24d0) 
thrown [t:\workspace\open\src\hotspot\share\prims\jni.cpp, line 516]
Event: 45.469 Thread 0x00000201a4a15e10 Exception <a 'sun/nio/fs/WindowsException'{0x00000006c50d9a68}> (0x00000006c50d9a68) 
thrown [t:\workspace\open\src\hotspot\share\prims\jni.cpp, line 516]
Event: 45.472 Thread 0x00000201a4a15e10 Exception <a 'sun/nio/fs/WindowsException'{0x00000006c50ed820}> (0x00000006c50ed820) 
thrown [t:\workspace\open\src\hotspot\share\prims\jni.cpp, line 516]
Event: 45.473 Thread 0x00000201a4a15e10 Exception <a 'sun/nio/fs/WindowsException'{0x00000006c512ba38}> (0x00000006c512ba38) 
thrown [t:\workspace\open\src\hotspot\share\prims\jni.cpp, line 516]
Event: 45.473 Thread 0x00000201a4a15e10 Exception <a 'sun/nio/fs/WindowsException'{0x00000006c5162a10}> (0x00000006c5162a10) 
thrown [t:\workspace\open\src\hotspot\share\prims\jni.cpp, line 516]
Event: 45.474 Thread 0x00000201a4a15e10 Exception <a 'sun/nio/fs/WindowsException'{0x00000006c5175548}> (0x00000006c5175548) 
thrown [t:\workspace\open\src\hotspot\share\prims\jni.cpp, line 516]
Event: 45.474 Thread 0x00000201a4a15e10 Exception <a 'sun/nio/fs/WindowsException'{0x00000006c5183520}> (0x00000006c5183520) 
thrown [t:\workspace\open\src\hotspot\share\prims\jni.cpp, line 516]
Event: 45.475 Thread 0x00000201a4a15e10 Exception <a 'sun/nio/fs/WindowsException'{0x00000006c5189ed0}> (0x00000006c5189ed0) 
thrown [t:\workspace\open\src\hotspot\share\prims\jni.cpp, line 516]
Event: 45.476 Thread 0x00000201a4a15e10 Exception <a 'sun/nio/fs/WindowsException'{0x00000006c519dcc0}> (0x00000006c519dcc0) 
thrown [t:\workspace\open\src\hotspot\share\prims\jni.cpp, line 516]
Event: 45.477 Thread 0x00000201a4a15e10 Exception <a 'sun/nio/fs/WindowsException'{0x00000006c51babc0}> (0x00000006c51babc0) 
thrown [t:\workspace\open\src\hotspot\share\prims\jni.cpp, line 516]
Event: 45.478 Thread 0x00000201a4a15e10 Exception <a 'java/lang/NoSuchMethodError'{0x00000006c51cb3a0}: 'void java.lang.invoke.DirectMethodHandle$Holder.invokeInterface(java.lang.Object, java.lang.Object, java.lang.Object)'> (0x00000006c51cb3a0) 
thrown [t:\workspace\open\src\hotspot\share\interpreter\linkResolver.cpp, line 766]
Event: 45.478 Thread 0x00000201a4a15e10 Exception <a 'java/lang/IncompatibleClassChangeError'{0x00000006c51cea08}: Found class java.lang.Object, but interface was expected> (0x00000006c51cea08) 
thrown [t:\workspace\open\src\hotspot\share\interpreter\linkResolver.cpp, line 833]
Event: 45.480 Thread 0x00000201a4a15e10 Exception <a 'sun/nio/fs/WindowsException'{0x00000006c51e6d80}> (0x00000006c51e6d80) 
thrown [t:\workspace\open\src\hotspot\share\prims\jni.cpp, line 516]
Event: 45.481 Thread 0x00000201a4a15e10 Exception <a 'sun/nio/fs/WindowsException'{0x00000006c51f6458}> (0x00000006c51f6458) 
thrown [t:\workspace\open\src\hotspot\share\prims\jni.cpp, line 516]
Event: 45.482 Thread 0x00000201a4a15e10 Exception <a 'sun/nio/fs/WindowsException'{0x00000006c4e09ad8}> (0x00000006c4e09ad8) 
thrown [t:\workspace\open\src\hotspot\share\prims\jni.cpp, line 516]
Event: 45.484 Thread 0x00000201a4a15e10 Exception <a 'java/lang/NoSuchMethodError'{0x00000006c4e122b8}: 'java.lang.Object java.lang.invoke.DirectMethodHandle$Holder.invokeVirtual(java.lang.Object, java.lang.Object, java.lang.Object)'> (0x00000006c4e122b8) 
thrown [t:\workspace\open\src\hotspot\share\interpreter\linkResolver.cpp, line 766]

VM Operations (20 events):
Event: 72.864 Executing VM operation: get/set locals
Event: 72.864 Executing VM operation: get/set locals done
Event: 72.864 Executing VM operation: get/set locals
Event: 72.864 Executing VM operation: get/set locals done
Event: 72.865 Executing VM operation: get/set locals
Event: 72.865 Executing VM operation: get/set locals done
Event: 126.676 Executing VM operation: ChangeSingleStep
Event: 126.676 Executing VM operation: ChangeSingleStep done
Event: 126.677 Executing VM operation: ChangeSingleStep
Event: 126.677 Executing VM operation: ChangeSingleStep done
Event: 126.684 Executing VM operation: RedefineClasses
Event: 126.697 Executing VM operation: RedefineClasses done
Event: 126.722 Executing VM operation: ChangeBreakpoints
Event: 126.723 Executing VM operation: ChangeBreakpoints done
Event: 126.724 Executing VM operation: ChangeSingleStep
Event: 126.724 Executing VM operation: ChangeSingleStep done
Event: 126.725 Executing VM operation: get/set locals
Event: 126.725 Executing VM operation: get/set locals done
Event: 126.726 Executing VM operation: ChangeSingleStep
Event: 126.726 Executing VM operation: ChangeSingleStep done

Events (20 events):
Event: 11.763 loading class java/lang/invoke/BoundMethodHandle$Species_LLLLLLLLLLLL
Event: 11.763 loading class java/lang/invoke/BoundMethodHandle$Species_LLLLLLLLLLLL done
Event: 11.763 loading class java/lang/invoke/BoundMethodHandle$Species_LLLLLLLLLLLLL
Event: 11.763 loading class java/lang/invoke/BoundMethodHandle$Species_LLLLLLLLLLLLL done
Event: 11.765 loading class java/util/concurrent/Helpers
Event: 11.765 loading class java/util/concurrent/Helpers done
Event: 45.471 loading class java/util/stream/MatchOps$MatchKind
Event: 45.471 loading class java/util/stream/MatchOps$MatchKind done
Event: 45.471 loading class java/util/stream/MatchOps
Event: 45.471 loading class java/util/stream/MatchOps done
Event: 45.471 loading class java/util/stream/MatchOps$MatchOp
Event: 45.471 loading class java/util/stream/MatchOps$MatchOp done
Event: 45.471 loading class java/util/stream/MatchOps$BooleanTerminalSink
Event: 45.471 loading class java/util/stream/MatchOps$BooleanTerminalSink done
Event: 45.471 loading class java/util/stream/MatchOps$1MatchSink
Event: 45.471 loading class java/util/stream/MatchOps$1MatchSink done
Event: 45.479 loading class java/util/EnumMap$KeySet
Event: 45.479 loading class java/util/EnumMap$KeySet done
Event: 45.479 loading class java/util/EnumMap$KeyIterator
Event: 45.479 loading class java/util/EnumMap$KeyIterator done


Dynamic libraries:
0x00007ff688070000 - 0x00007ff68807e000 	C:\Program Files\Java\jdk-17.0.2\bin\javaw.exe
0x00007ffddba30000 - 0x00007ffddbc47000 	C:\WINDOWS\SYSTEM32\ntdll.dll
0x00007ffdda220000 - 0x00007ffdda2e4000 	C:\WINDOWS\System32\KERNEL32.DLL
0x00007ffdd9130000 - 0x00007ffdd94d5000 	C:\WINDOWS\System32\KERNELBASE.dll
0x00007ffdd8f90000 - 0x00007ffdd90a1000 	C:\WINDOWS\System32\ucrtbase.dll
0x00007ffdd3f60000 - 0x00007ffdd3f7a000 	C:\Program Files\Java\jdk-17.0.2\bin\VCRUNTIME140.dll
0x00007ffdd3b60000 - 0x00007ffdd3b78000 	C:\Program Files\Java\jdk-17.0.2\bin\jli.dll
0x00007ffddb7d0000 - 0x00007ffddb97e000 	C:\WINDOWS\System32\USER32.dll
0x00007ffdbe9b0000 - 0x00007ffdbec43000 	C:\WINDOWS\WinSxS\amd64_microsoft.windows.common-controls_6595b64144ccf1df_6.0.22621.2506_none_270c5ae97388e100\COMCTL32.dll
0x00007ffdd8da0000 - 0x00007ffdd8dc6000 	C:\WINDOWS\System32\win32u.dll
0x00007ffdd9780000 - 0x00007ffdd9827000 	C:\WINDOWS\System32\msvcrt.dll
0x00007ffdd9920000 - 0x00007ffdd9949000 	C:\WINDOWS\System32\GDI32.dll
0x00007ffdd8dd0000 - 0x00007ffdd8ee9000 	C:\WINDOWS\System32\gdi32full.dll
0x00007ffdd8ef0000 - 0x00007ffdd8f8a000 	C:\WINDOWS\System32\msvcp_win.dll
0x00007ffddb5f0000 - 0x00007ffddb621000 	C:\WINDOWS\System32\IMM32.DLL
0x00007ffdd3b90000 - 0x00007ffdd3b9c000 	C:\Program Files\Java\jdk-17.0.2\bin\vcruntime140_1.dll
0x00007ffdc5c50000 - 0x00007ffdc5cdd000 	C:\Program Files\Java\jdk-17.0.2\bin\msvcp140.dll
0x00007ffd15010000 - 0x00007ffd15bd1000 	C:\Program Files\Java\jdk-17.0.2\bin\server\jvm.dll
0x00007ffdda600000 - 0x00007ffdda6b1000 	C:\WINDOWS\System32\ADVAPI32.dll
0x00007ffdda170000 - 0x00007ffdda216000 	C:\WINDOWS\System32\sechost.dll
0x00007ffdda4e0000 - 0x00007ffdda5f7000 	C:\WINDOWS\System32\RPCRT4.dll
0x00007ffdd9a90000 - 0x00007ffdd9a98000 	C:\WINDOWS\System32\PSAPI.DLL
0x00007ffdca790000 - 0x00007ffdca7c4000 	C:\WINDOWS\SYSTEM32\WINMM.dll
0x00007ffdb3a50000 - 0x00007ffdb3a59000 	C:\WINDOWS\SYSTEM32\WSOCK32.dll
0x00007ffdc8c10000 - 0x00007ffdc8c1a000 	C:\WINDOWS\SYSTEM32\VERSION.dll
0x00007ffdd9950000 - 0x00007ffdd99c1000 	C:\WINDOWS\System32\WS2_32.dll
0x00007ffdd7c10000 - 0x00007ffdd7c28000 	C:\WINDOWS\SYSTEM32\kernel.appcore.dll
0x00007ffdcf300000 - 0x00007ffdcf30a000 	C:\Program Files\Java\jdk-17.0.2\bin\jimage.dll
0x00007ffdd64a0000 - 0x00007ffdd66d3000 	C:\WINDOWS\SYSTEM32\DBGHELP.DLL
0x00007ffdd9c20000 - 0x00007ffdd9fa9000 	C:\WINDOWS\System32\combase.dll
0x00007ffdd9840000 - 0x00007ffdd9917000 	C:\WINDOWS\System32\OLEAUT32.dll
0x00007ffdb79c0000 - 0x00007ffdb79f2000 	C:\WINDOWS\SYSTEM32\dbgcore.DLL
0x00007ffdd90b0000 - 0x00007ffdd912a000 	C:\WINDOWS\System32\bcryptPrimitives.dll
0x00007ffdc5e90000 - 0x00007ffdc5ecb000 	C:\Program Files\Java\jdk-17.0.2\bin\jdwp.dll
0x00007ffdca8f0000 - 0x00007ffdca8fe000 	C:\Program Files\Java\jdk-17.0.2\bin\instrument.dll
0x00007ffdc5e60000 - 0x00007ffdc5e85000 	C:\Program Files\Java\jdk-17.0.2\bin\java.dll
0x00007ffdb3040000 - 0x00007ffdb3116000 	C:\Program Files\Java\jdk-17.0.2\bin\jsvml.dll
0x00007ffddaba0000 - 0x00007ffddb3f9000 	C:\WINDOWS\System32\SHELL32.dll
0x00007ffdd6ad0000 - 0x00007ffdd73c4000 	C:\WINDOWS\SYSTEM32\windows.storage.dll
0x00007ffdd6990000 - 0x00007ffdd6ace000 	C:\WINDOWS\SYSTEM32\wintypes.dll
0x00007ffdda3e0000 - 0x00007ffdda4d3000 	C:\WINDOWS\System32\SHCORE.dll
0x00007ffddab40000 - 0x00007ffddab9e000 	C:\WINDOWS\System32\shlwapi.dll
0x00007ffdd8cd0000 - 0x00007ffdd8cf6000 	C:\WINDOWS\SYSTEM32\profapi.dll
0x00007ffdc5e10000 - 0x00007ffdc5e29000 	C:\Program Files\Java\jdk-17.0.2\bin\net.dll
0x00007ffdd7c90000 - 0x00007ffdd7dc7000 	C:\WINDOWS\SYSTEM32\WINHTTP.dll
0x00007ffdd8220000 - 0x00007ffdd8289000 	C:\WINDOWS\system32\mswsock.dll
0x00007ffdc5d40000 - 0x00007ffdc5d56000 	C:\Program Files\Java\jdk-17.0.2\bin\nio.dll
0x00007ffdc5af0000 - 0x00007ffdc5b08000 	C:\Program Files\Java\jdk-17.0.2\bin\zip.dll
0x00007ffdc78b0000 - 0x00007ffdc78bc000 	C:\Program Files\Java\jdk-17.0.2\bin\dt_socket.dll
0x00007ffdd74c0000 - 0x00007ffdd74ed000 	C:\WINDOWS\SYSTEM32\IPHLPAPI.DLL
0x00007ffdd7520000 - 0x00007ffdd7619000 	C:\WINDOWS\SYSTEM32\DNSAPI.dll
0x00007ffdd99d0000 - 0x00007ffdd99d9000 	C:\WINDOWS\System32\NSI.dll
0x00007ffdc9f40000 - 0x00007ffdc9f4a000 	C:\Windows\System32\rasadhlp.dll
0x00007ffdd0380000 - 0x00007ffdd0403000 	C:\WINDOWS\System32\fwpuclnt.dll
0x00007ffdc5f70000 - 0x00007ffdc5f80000 	C:\Program Files\Java\jdk-17.0.2\bin\verify.dll
0x00007ffd9ce90000 - 0x00007ffd9d01e000 	C:\Program Files\Java\jdk-17.0.2\bin\awt.dll
0x00007ffdd5a30000 - 0x00007ffdd5ac7000 	C:\WINDOWS\SYSTEM32\apphelp.dll
0x00007ffdc5f40000 - 0x00007ffdc5f49000 	C:\Program Files\Java\jdk-17.0.2\bin\prefs.dll
0x00007ffdd5af0000 - 0x00007ffdd5b9b000 	C:\WINDOWS\system32\uxtheme.dll
0x00007ffddb480000 - 0x00007ffddb5cf000 	C:\WINDOWS\System32\MSCTF.dll
0x00007ffddb630000 - 0x00007ffddb7d0000 	C:\WINDOWS\System32\ole32.dll
0x00007ffdd5f00000 - 0x00007ffdd5f2b000 	C:\WINDOWS\system32\DWMAPI.DLL
0x00007ffdb5cb0000 - 0x00007ffdb5d39000 	C:\Program Files\Java\jdk-17.0.2\bin\freetype.dll
0x00007ffdb47e0000 - 0x00007ffdb4888000 	C:\Program Files\Java\jdk-17.0.2\bin\fontmanager.dll
0x00007ffdd8590000 - 0x00007ffdd85ab000 	C:\WINDOWS\SYSTEM32\CRYPTSP.dll
0x00007ffdd7bd0000 - 0x00007ffdd7c05000 	C:\WINDOWS\system32\rsaenh.dll
0x00007ffdd82c0000 - 0x00007ffdd82ec000 	C:\WINDOWS\SYSTEM32\USERENV.dll
0x00007ffdd85d0000 - 0x00007ffdd85f8000 	C:\WINDOWS\SYSTEM32\bcrypt.dll
0x00007ffdd8500000 - 0x00007ffdd850c000 	C:\WINDOWS\SYSTEM32\CRYPTBASE.dll
0x00007ffdd0240000 - 0x00007ffdd0259000 	C:\WINDOWS\SYSTEM32\dhcpcsvc6.DLL
0x00007ffdd0060000 - 0x00007ffdd007f000 	C:\WINDOWS\SYSTEM32\dhcpcsvc.DLL
0x00007ffdabf90000 - 0x00007ffdac090000 	C:\WINDOWS\system32\opengl32.dll
0x00007ffdad200000 - 0x00007ffdad22d000 	C:\WINDOWS\SYSTEM32\GLU32.dll
0x00007ffdd5bd0000 - 0x00007ffdd5c06000 	C:\WINDOWS\SYSTEM32\dxcore.dll
0x00007ffdd99e0000 - 0x00007ffdd9a90000 	C:\WINDOWS\System32\clbcatq.dll
0x00007ffdd4460000 - 0x00007ffdd4610000 	C:\WINDOWS\SYSTEM32\WindowsCodecs.dll
0x00007ffdaa090000 - 0x00007ffdaa0ee000 	C:\WINDOWS\system32\dataexchange.dll
0x00007ffdd2000000 - 0x00007ffdd2285000 	C:\WINDOWS\system32\twinapi.appcore.dll
0x00007ffdc7ec0000 - 0x00007ffdc800a000 	C:\WINDOWS\SYSTEM32\textinputframework.dll

dbghelp: loaded successfully - version: 4.0.5 - missing functions: none
symbol engine: initialized successfully - sym options: 0x614 - pdb path: .;C:\Program Files\Java\jdk-17.0.2\bin;C:\WINDOWS\SYSTEM32;C:\WINDOWS\WinSxS\amd64_microsoft.windows.common-controls_6595b64144ccf1df_6.0.22621.2506_none_270c5ae97388e100;C:\Program Files\Java\jdk-17.0.2\bin\server

VM Arguments:
jvm_args: -XX:+ShowCodeDetailsInExceptionMessages -agentlib:jdwp=transport=dt_socket,suspend=y,address=localhost:50848 -ea -javaagent:C:\Eclipse\eclipse-2023-03\configuration\org.eclipse.osgi\231\0\.cp\lib\javaagent-shaded.jar -Dfile.encoding=UTF-8 --module-path=C:\Eclipse\workspace-2023-03\groove\target\classes;C:\Users\Rensink\.m2\repository\au\com\bytecode\opencsv\2.4\opencsv-2.4.jar;C:\Users\Rensink\.m2\repository\jakarta\xml\bind\jakarta.xml.bind-api\3.0.1\jakarta.xml.bind-api-3.0.1.jar;C:\Users\Rensink\.m2\repository\com\sun\activation\jakarta.activation\2.0.1\jakarta.activation-2.0.1.jar;C:\Users\Rensink\.m2\repository\com\jgoodies\jgoodies-looks\2.5.3\jgoodies-looks-2.5.3.jar;C:\Users\Rensink\.m2\repository\jgraph\jgraph\5.13.0.0\jgraph-5.13.0.0.jar;C:\Users\Rensink\.m2\repository\args4j\args4j\2.0.26\args4j-2.0.26.jar;C:\Users\Rensink\.m2\repository\org\apache\groovy\groovy\4.0.0\groovy-4.0.0.jar;C:\Users\Rensink\.m2\repository\com\fifesoft\rsyntaxtextarea\1.5.2\rsyntaxtextarea-1.5.2.jar;C:\Users\Rensink\.m2\repository\org\antlr\antlr-complete\3.5.2\antlr-complete-3.5.2.jar;C:\Users\Rensink\.m2\repository\org\antlr\antlrworks\1.5.2\antlrworks-1.5.2.jar;C:\Users\Rensink\.m2\repository\org\eclipse\jdt\org.eclipse.jdt.annotation\2.2.700\org.eclipse.jdt.annotation-2.2.700.jar;C:\Users\Rensink\.m2\repository\org\eclipse\emf\org.eclipse.emf.ecore\2.7.0-v20110605-0747\org.eclipse.emf.ecore-2.7.0-v20110605-0747.jar;C:\Users\Rensink\.m2\repository\org\eclipse\emf\org.eclipse.emf.common\2.7.0-v20110605-0747\org.eclipse.emf.common-2.7.0-v20110605-0747.jar;C:\Users\Rensink\.m2\repository\org\eclipse\emf\org.eclipse.emf.ecore.xmi\2.7.0-v20110520-1406\org.eclipse.emf.ecore.xmi-2.7.0-v20110520-1406.jar;C:\Users\Rensink\.m2\repository\org\apache\xmlgraphics\batik-all\1.17\batik-all-1.17.jar;C:\Users\Rensink\.m2\repository\org\apache\xmlgraphics\xmlgraphics-commons\2.9\xmlgraphics-commons-2.9.jar;C:\Users\Rensink\.m2\repository\org\apache\xmlgraphics\fop-core\2.9\fop-core-2.9.jar;C:\Users\Rensink\.m2\repository\nl\utwente\groove\gnuprologjava\0.2.6\gnuprologjava-0.2.6.jar;C:\Users\Rensink\.m2\repository\nl\utwente\groove\ltl2buchi\2010.12\ltl2buchi-2010.12.jar;C:\Users\Rensink\.m2\repository\nl\utwente\groove\osxadap--patch-module=nl.utwente.groove=C:\Eclipse\workspace-2023-03\groove\target\test-classes --add-reads=nl.utwente.groove=ALL-UNNAMED -Djdk.module.main=nl.utwente.groove 
java_command: nl.utwente.groove/nl.utwente.groove.gui.Simulator
java_class_path (initial): C:\Users\Rensink\.p2\pool\plugins\junit-jupiter-api_5.9.2.jar;C:\Users\Rensink\.p2\pool\plugins\junit-jupiter-engine_5.9.2.jar;C:\Users\Rensink\.p2\pool\plugins\junit-jupiter-migrationsupport_5.9.2.jar;C:\Users\Rensink\.p2\pool\plugins\junit-jupiter-params_5.9.2.jar;C:\Users\Rensink\.p2\pool\plugins\junit-platform-commons_1.9.2.jar;C:\Users\Rensink\.p2\pool\plugins\junit-platform-engine_1.9.2.jar;C:\Users\Rensink\.p2\pool\plugins\junit-platform-launcher_1.9.2.jar;C:\Users\Rensink\.p2\pool\plugins\junit-platform-runner_1.9.2.jar;C:\Users\Rensink\.p2\pool\plugins\junit-platform-suite-api_1.9.2.jar;C:\Users\Rensink\.p2\pool\plugins\junit-platform-suite-engine_1.9.2.jar;C:\Users\Rensink\.p2\pool\plugins\junit-platform-suite-commons_1.9.2.jar;C:\Users\Rensink\.p2\pool\plugins\junit-vintage-engine_5.9.2.jar;C:\Users\Rensink\.p2\pool\plugins\org.opentest4j_1.2.0.jar;C:\Users\Rensink\.p2\pool\plugins\org.apiguardian.api_1.1.2.jar;C:\Users\Rensink\.p2\pool\plugins\org.junit_4.13.2.v20211018-1956.jar;C:\Users\Rensink\.p2\pool\plugins\org.hamcrest.core_1.3.0.v20180420-1519.jar;C:\Users\Rensink\.m2\repository\jakarta\activation\jakarta.activation-api\1.2.2\jakarta.activation-api-1.2.2.jar;C:\Users\Rensink\.m2\repository\org\glassfish\jaxb\jaxb-core\3.0.2\jaxb-core-3.0.2.jar;C:\Users\Rensink\.m2\repository\org\glassfish\jaxb\txw2\3.0.2\txw2-3.0.2.jar;C:\Users\Rensink\.m2\repository\com\sun\istack\istack-commons-runtime\4.0.1\istack-commons-runtime-4.0.1.jar;C:\Users\Rensink\.m2\repository\org\glassfish\jaxb\jaxb-runtime\3.0.2\jaxb-runtime-3.0.2.jar;C:\Users\Rensink\.m2\repository\com\jgoodies\jgoodies-common\1.8.1\jgoodies-common-1.8.1.jar;C:\Users\Rensink\.m2\repository\xerces\xercesImpl\2.11.0\xercesImpl-2.11.0.jar;C:\Users\Rensink\.m2\repository\xml-resolver\xml-resolver\1.2\xml-resolver-1.2.jar;C:\Users\Rensink\.m2\repository\org\antlr\gunit\3.5.2\gunit-3.5.2.jar;C:\Users\Rensink\.m2\repository\org\antlr\stringtemplate\3.2.1\stringtemplate-3.2.1.
Launcher Type: SUN_STANDARD

[Global flags]
     intx CICompilerCount                          = 4                                         {product} {ergonomic}
     uint ConcGCThreads                            = 3                                         {product} {ergonomic}
     uint G1ConcRefinementThreads                  = 10                                        {product} {ergonomic}
   size_t G1HeapRegionSize                         = 2097152                                   {product} {ergonomic}
    uintx GCDrainStackTargetSize                   = 64                                        {product} {ergonomic}
   size_t InitialHeapSize                          = 266338304                                 {product} {ergonomic}
   size_t MarkStackSize                            = 4194304                                   {product} {ergonomic}
   size_t MaxHeapSize                              = 4236247040                                {product} {ergonomic}
   size_t MaxNewSize                               = 2541748224                                {product} {ergonomic}
   size_t MinHeapDeltaBytes                        = 2097152                                   {product} {ergonomic}
   size_t MinHeapSize                              = 8388608                                   {product} {ergonomic}
    uintx NonNMethodCodeHeapSize                   = 5839372                                {pd product} {ergonomic}
    uintx NonProfiledCodeHeapSize                  = 122909434                              {pd product} {ergonomic}
    uintx ProfiledCodeHeapSize                     = 122909434                              {pd product} {ergonomic}
    uintx ReservedCodeCacheSize                    = 251658240                              {pd product} {ergonomic}
     bool SegmentedCodeCache                       = true                                      {product} {ergonomic}
     bool ShowCodeDetailsInExceptionMessages       = true                                   {manageable} {command line}
   size_t SoftMaxHeapSize                          = 4236247040                             {manageable} {ergonomic}
     bool UseCompressedClassPointers               = true                           {product lp64_product} {ergonomic}
     bool UseCompressedOops                        = true                           {product lp64_product} {ergonomic}
     bool UseG1GC                                  = true                                      {product} {ergonomic}
     bool UseLargePagesIndividualAllocation        = false                                  {pd product} {ergonomic}

Logging:
Log output configuration:
 #0: stdout all=warning uptime,level,tags
 #1: stderr all=off uptime,level,tags

Environment Variables:
PATH=C:/Program Files/Java/jdk-18.0.1/bin/server;C:/Program Files/Java/jdk-18.0.1/bin;C:\Program Files\Java\jdk-18.0.1\bin;C:\Program Files\Common Files\Oracle\Java\javapath;C:\Program Files (x86)\Common Files\Oracle\Java\javapath;C:\WINDOWS\system32;C:\WINDOWS;C:\WINDOWS\System32\Wbem;C:\WINDOWS\System32\WindowsPowerShell\v1.0\;C:\WINDOWS\System32\OpenSSH\;C:\Program Files (x86)\Plantronics\Spokes3G\;C:\Program Files\TortoiseSVN\bin;C:\Program Files\Git\cmd;C:\Program Files\PuTTY\;C:\Program Files\TortoiseGit\bin;C:\Users\Rensink\AppData\Local\Microsoft\WindowsApps;C:\TexLive\2023\bin\windows;;C:\IntelliJ\IntelliJ IDEA 2023.2.1\bin;;C:\Eclipse\eclipse-2021-06;
USERNAME=Rensink
OS=Windows_NT
PROCESSOR_IDENTIFIER=Intel64 Family 6 Model 158 Stepping 10, GenuineIntel



---------------  S Y S T E M  ---------------

OS:
 Windows 11 , 64 bit Build 22621 (10.0.22621.2506)
OS uptime: 8 days 1:38 hours
Hyper-V role detected

CPU: total 12 (initial active 12) (6 cores per cpu, 2 threads per core) family 6 model 158 stepping 10 microcode 0xde, cx8, cmov, fxsr, ht, mmx, 3dnowpref, sse, sse2, sse3, ssse3, sse4.1, sse4.2, popcnt, lzcnt, tsc, tscinvbit, avx, avx2, aes, erms, clmul, bmi1, bmi2, rtm, adx, fma, vzeroupper, clflush, clflushopt, hv

Memory: 4k page, system-wide physical 16158M (3567M free)
TotalPageFile size 36638M (AvailPageFile size 18453M)
current process WorkingSet (physical memory assigned to process): 136M, peak: 197M
current process commit charge ("private bytes"): 174M, peak: 386M

vm_info: OpenJDK 64-Bit Server VM (17.0.2+8-86) for windows-amd64 JRE (17.0.2+8-86), built on Dec  7 2021 21:49:10 by "mach5one" with MS VC++ 16.8 / 16.9 (VS2019)

END.
